<?xml version="1.0" encoding="UTF-8"?>
<testsuite xmlns:xsi="http://www.w3.org/2001/XMLSchema-instance" xsi:noNamespaceSchemaLocation="https://maven.apache.org/surefire/maven-surefire-plugin/xsd/surefire-test-report-3.0.xsd" version="3.0" name="com.company.talend.components.source.CompanyInputMapperTest" time="0.001" tests="1" errors="0" skipped="1" failures="0">
  <properties>
    <property name="awt.toolkit" value="sun.lwawt.macosx.LWCToolkit"/>
    <property name="java.specification.version" value="12"/>
    <property name="sun.jnu.encoding" value="UTF-8"/>
    <property name="java.class.path" value="/Applications/TOSDI-7.2.1/studio/workspace/VINCERE_ETL/poms/jobs/process/tutorial/company-component3/target/test-classes:/Applications/TOSDI-7.2.1/studio/workspace/VINCERE_ETL/poms/jobs/process/tutorial/company-component3/target/classes:/Users/tungnguyen/.m2/repository/org/talend/sdk/component/component-api/1.1.15/component-api-1.1.15.jar:/Users/tungnguyen/.m2/repository/org/apache/geronimo/specs/geronimo-annotation_1.3_spec/1.2/geronimo-annotation_1.3_spec-1.2.jar:/Users/tungnguyen/.m2/repository/org/apache/geronimo/specs/geronimo-json_1.1_spec/1.3/geronimo-json_1.1_spec-1.3.jar:/Users/tungnguyen/.m2/repository/org/apache/geronimo/specs/geronimo-jsonb_1.0_spec/1.2/geronimo-jsonb_1.0_spec-1.2.jar:/Users/tungnguyen/.m2/repository/junit/junit/4.12/junit-4.12.jar:/Users/tungnguyen/.m2/repository/org/hamcrest/hamcrest-core/1.3/hamcrest-core-1.3.jar:/Users/tungnguyen/.m2/repository/org/talend/sdk/component/component-runtime-junit/1.1.15/component-runtime-junit-1.1.15.jar:/Users/tungnguyen/.m2/repository/org/talend/sdk/component/component-runtime-junit-base/1.1.15/component-runtime-junit-base-1.1.15.jar:/Users/tungnguyen/.m2/repository/org/talend/sdk/component/component-runtime-manager/1.1.15/component-runtime-manager-1.1.15.jar:/Users/tungnguyen/.m2/repository/org/talend/sdk/component/component-spi/1.1.15/component-spi-1.1.15.jar:/Users/tungnguyen/.m2/repository/org/talend/sdk/component/component-runtime-impl/1.1.15/component-runtime-impl-1.1.15.jar:/Users/tungnguyen/.m2/repository/org/apache/johnzon/johnzon-jsonb/1.2.1/johnzon-jsonb-1.2.1.jar:/Users/tungnguyen/.m2/repository/org/apache/johnzon/johnzon-mapper/1.2.1/johnzon-mapper-1.2.1.jar:/Users/tungnguyen/.m2/repository/org/talend/sdk/component/container-core/1.1.15/container-core-1.1.15.jar:/Users/tungnguyen/.m2/repository/org/slf4j/slf4j-api/1.7.28/slf4j-api-1.7.28.jar:/Users/tungnguyen/.m2/repository/org/apache/xbean/xbean-finder-shaded/4.15/xbean-finder-shaded-4.15.jar:/Users/tungnguyen/.m2/repository/org/apache/xbean/xbean-reflect/4.15/xbean-reflect-4.15.jar:/Users/tungnguyen/.m2/repository/org/apache/xbean/xbean-asm7-shaded/4.15/xbean-asm7-shaded-4.15.jar:/Users/tungnguyen/.m2/repository/org/apache/johnzon/johnzon-core/1.2.1/johnzon-core-1.2.1.jar:/Users/tungnguyen/.m2/repository/org/apache/tomee/ziplock/8.0.0-M3/ziplock-8.0.0-M3.jar:"/>
    <property name="java.vm.vendor" value="Oracle Corporation"/>
    <property name="sun.arch.data.model" value="64"/>
    <property name="java.vendor.url" value="https://java.oracle.com/"/>
    <property name="os.name" value="Mac OS X"/>
    <property name="java.vm.specification.version" value="12"/>
    <property name="sun.java.launcher" value="SUN_STANDARD"/>
    <property name="user.country" value="VN"/>
    <property name="sun.boot.library.path" value="/Library/Java/JavaVirtualMachines/jdk-12.0.2.jdk/Contents/Home/lib"/>
    <property name="sun.java.command" value="/Applications/TOSDI-7.2.1/studio/workspace/VINCERE_ETL/poms/jobs/process/tutorial/company-component3/target/surefire/surefirebooter3145010872193105064.jar /Applications/TOSDI-7.2.1/studio/workspace/VINCERE_ETL/poms/jobs/process/tutorial/company-component3/target/surefire 2019-11-23T22-38-56_500-jvmRun1 surefire13694751647220971663tmp surefire_016991250609666946468tmp"/>
    <property name="http.nonProxyHosts" value="local|*.local|169.254/16|*.169.254/16"/>
    <property name="jdk.debug" value="release"/>
    <property name="surefire.test.class.path" value="/Applications/TOSDI-7.2.1/studio/workspace/VINCERE_ETL/poms/jobs/process/tutorial/company-component3/target/test-classes:/Applications/TOSDI-7.2.1/studio/workspace/VINCERE_ETL/poms/jobs/process/tutorial/company-component3/target/classes:/Users/tungnguyen/.m2/repository/org/talend/sdk/component/component-api/1.1.15/component-api-1.1.15.jar:/Users/tungnguyen/.m2/repository/org/apache/geronimo/specs/geronimo-annotation_1.3_spec/1.2/geronimo-annotation_1.3_spec-1.2.jar:/Users/tungnguyen/.m2/repository/org/apache/geronimo/specs/geronimo-json_1.1_spec/1.3/geronimo-json_1.1_spec-1.3.jar:/Users/tungnguyen/.m2/repository/org/apache/geronimo/specs/geronimo-jsonb_1.0_spec/1.2/geronimo-jsonb_1.0_spec-1.2.jar:/Users/tungnguyen/.m2/repository/junit/junit/4.12/junit-4.12.jar:/Users/tungnguyen/.m2/repository/org/hamcrest/hamcrest-core/1.3/hamcrest-core-1.3.jar:/Users/tungnguyen/.m2/repository/org/talend/sdk/component/component-runtime-junit/1.1.15/component-runtime-junit-1.1.15.jar:/Users/tungnguyen/.m2/repository/org/talend/sdk/component/component-runtime-junit-base/1.1.15/component-runtime-junit-base-1.1.15.jar:/Users/tungnguyen/.m2/repository/org/talend/sdk/component/component-runtime-manager/1.1.15/component-runtime-manager-1.1.15.jar:/Users/tungnguyen/.m2/repository/org/talend/sdk/component/component-spi/1.1.15/component-spi-1.1.15.jar:/Users/tungnguyen/.m2/repository/org/talend/sdk/component/component-runtime-impl/1.1.15/component-runtime-impl-1.1.15.jar:/Users/tungnguyen/.m2/repository/org/apache/johnzon/johnzon-jsonb/1.2.1/johnzon-jsonb-1.2.1.jar:/Users/tungnguyen/.m2/repository/org/apache/johnzon/johnzon-mapper/1.2.1/johnzon-mapper-1.2.1.jar:/Users/tungnguyen/.m2/repository/org/talend/sdk/component/container-core/1.1.15/container-core-1.1.15.jar:/Users/tungnguyen/.m2/repository/org/slf4j/slf4j-api/1.7.28/slf4j-api-1.7.28.jar:/Users/tungnguyen/.m2/repository/org/apache/xbean/xbean-finder-shaded/4.15/xbean-finder-shaded-4.15.jar:/Users/tungnguyen/.m2/repository/org/apache/xbean/xbean-reflect/4.15/xbean-reflect-4.15.jar:/Users/tungnguyen/.m2/repository/org/apache/xbean/xbean-asm7-shaded/4.15/xbean-asm7-shaded-4.15.jar:/Users/tungnguyen/.m2/repository/org/apache/johnzon/johnzon-core/1.2.1/johnzon-core-1.2.1.jar:/Users/tungnguyen/.m2/repository/org/apache/tomee/ziplock/8.0.0-M3/ziplock-8.0.0-M3.jar:"/>
    <property name="sun.cpu.endian" value="little"/>
    <property name="user.home" value="/Users/tungnguyen"/>
    <property name="user.language" value="en"/>
    <property name="java.specification.vendor" value="Oracle Corporation"/>
    <property name="java.version.date" value="2019-07-16"/>
    <property name="java.home" value="/Library/Java/JavaVirtualMachines/jdk-12.0.2.jdk/Contents/Home"/>
    <property name="file.separator" value="/"/>
    <property name="basedir" value="/Applications/TOSDI-7.2.1/studio/workspace/VINCERE_ETL/poms/jobs/process/tutorial/company-component3"/>
    <property name="java.vm.compressedOopsMode" value="Zero based"/>
    <property name="line.separator" value="&#10;"/>
    <property name="java.specification.name" value="Java Platform API Specification"/>
    <property name="java.vm.specification.vendor" value="Oracle Corporation"/>
    <property name="java.awt.graphicsenv" value="sun.awt.CGraphicsEnvironment"/>
    <property name="surefire.real.class.path" value="/Applications/TOSDI-7.2.1/studio/workspace/VINCERE_ETL/poms/jobs/process/tutorial/company-component3/target/surefire/surefirebooter3145010872193105064.jar"/>
    <property name="sun.management.compiler" value="HotSpot 64-Bit Tiered Compilers"/>
    <property name="ftp.nonProxyHosts" value="local|*.local|169.254/16|*.169.254/16"/>
    <property name="java.runtime.version" value="12.0.2+10"/>
    <property name="user.name" value="tungnguyen"/>
    <property name="path.separator" value=":"/>
    <property name="os.version" value="10.15"/>
    <property name="java.runtime.name" value="Java(TM) SE Runtime Environment"/>
    <property name="file.encoding" value="UTF-8"/>
    <property name="java.vm.name" value="Java HotSpot(TM) 64-Bit Server VM"/>
    <property name="localRepository" value="/Users/tungnguyen/.m2/repository"/>
    <property name="java.vendor.url.bug" value="https://bugreport.java.com/bugreport/"/>
    <property name="java.io.tmpdir" value="/var/folders/2v/17tstfns0977v94wg5c78v040000gn/T/"/>
    <property name="java.version" value="12.0.2"/>
    <property name="user.dir" value="/Applications/TOSDI-7.2.1/studio/workspace/VINCERE_ETL/poms/jobs/process/tutorial/company-component3"/>
    <property name="os.arch" value="x86_64"/>
    <property name="java.vm.specification.name" value="Java Virtual Machine Specification"/>
    <property name="java.library.path" value="/Users/tungnguyen/Library/Java/Extensions:/Library/Java/Extensions:/Network/Library/Java/Extensions:/System/Library/Java/Extensions:/usr/lib/java:."/>
    <property name="java.vm.info" value="mixed mode, sharing"/>
    <property name="java.vendor" value="Oracle Corporation"/>
    <property name="java.vm.version" value="12.0.2+10"/>
    <property name="sun.io.unicode.encoding" value="UnicodeBig"/>
    <property name="socksNonProxyHosts" value="local|*.local|169.254/16|*.169.254/16"/>
    <property name="java.class.version" value="56.0"/>
  </properties>
  <testcase name="produce" classname="com.company.talend.components.source.CompanyInputMapperTest" time="0">
    <skipped message="You need to complete this test"/>
  </testcase>
</testsuite>